[debug] [2023-06-07T17:18:05.955Z] ----------------------------------------------------------------------
[debug] [2023-06-07T17:18:05.957Z] Command:       C:\Program Files\nodejs\node.exe C:\Users\saif2\AppData\Roaming\npm\node_modules\firebase-tools\lib\bin\firebase.js init
[debug] [2023-06-07T17:18:05.958Z] CLI Version:   12.3.1
[debug] [2023-06-07T17:18:05.958Z] Platform:      win32
[debug] [2023-06-07T17:18:05.958Z] Node Version:  v18.14.0
[debug] [2023-06-07T17:18:05.959Z] Time:          Wed Jun 07 2023 22:18:05 GMT+0500 (Pakistan Standard Time)
[debug] [2023-06-07T17:18:05.960Z] ----------------------------------------------------------------------
[debug] 
[debug] [2023-06-07T17:18:06.084Z] > command requires scopes: ["email","openid","https://www.googleapis.com/auth/cloudplatformprojects.readonly","https://www.googleapis.com/auth/firebase","https://www.googleapis.com/auth/cloud-platform"]
[debug] [2023-06-07T17:18:06.085Z] > authorizing via signed-in user (saif20022004@gmail.com)
[info] 
     ######## #### ########  ######## ########     ###     ######  ########
     ##        ##  ##     ## ##       ##     ##  ##   ##  ##       ##
     ######    ##  ########  ######   ########  #########  ######  ######
     ##        ##  ##    ##  ##       ##     ## ##     ##       ## ##
     ##       #### ##     ## ######## ########  ##     ##  ######  ########

You're about to initialize a Firebase project in this directory:

  C:\Users\saif2\AndroidStudioProjects\Stockify

Before we get started, keep in mind:

  * You are initializing within an existing Firebase project directory

[info] 
=== Project Setup
[info] 
[info] First, let's associate this project directory with a Firebase project.
[info] You can create multiple project aliases by running firebase use --add, 
[info] but for now we'll just set up a default project.
[info] 
[debug] [2023-06-07T17:18:20.107Z] Using project from CLI flag: stockify-dbff4
[debug] [2023-06-07T17:18:20.110Z] >>> [apiv2][query] GET https://firebase.googleapis.com/v1beta1/projects/stockify-dbff4 [none]
[debug] [2023-06-07T17:18:20.933Z] <<< [apiv2][status] GET https://firebase.googleapis.com/v1beta1/projects/stockify-dbff4 200
[debug] [2023-06-07T17:18:20.934Z] <<< [apiv2][body] GET https://firebase.googleapis.com/v1beta1/projects/stockify-dbff4 {"projectId":"stockify-dbff4","projectNumber":"788293617924","displayName":"Stockify","name":"projects/stockify-dbff4","resources":{"hostingSite":"stockify-dbff4","realtimeDatabaseInstance":"stockify-dbff4-default-rtdb","storageBucket":"stockify-dbff4.appspot.com","locationId":"asia-southeast1"},"state":"ACTIVE","etag":"1_6740cac1-dcd5-40ae-887a-1d9661dea4eb"}
[info] i  Using project stockify-dbff4 (Stockify) 
[info] 
=== Functions Setup
[debug] [2023-06-07T17:18:20.947Z] > command requires scopes: ["email","openid","https://www.googleapis.com/auth/cloudplatformprojects.readonly","https://www.googleapis.com/auth/firebase","https://www.googleapis.com/auth/cloud-platform"]
[debug] [2023-06-07T17:18:20.948Z] > authorizing via signed-in user (saif20022004@gmail.com)
[debug] [2023-06-07T17:18:20.949Z] [iam] checking project stockify-dbff4 for permissions ["firebase.projects.get"]
[debug] [2023-06-07T17:18:20.951Z] >>> [apiv2][query] POST https://cloudresourcemanager.googleapis.com/v1/projects/stockify-dbff4:testIamPermissions [none]
[debug] [2023-06-07T17:18:20.951Z] >>> [apiv2][(partial)header] POST https://cloudresourcemanager.googleapis.com/v1/projects/stockify-dbff4:testIamPermissions x-goog-quota-user=projects/stockify-dbff4
[debug] [2023-06-07T17:18:20.951Z] >>> [apiv2][body] POST https://cloudresourcemanager.googleapis.com/v1/projects/stockify-dbff4:testIamPermissions {"permissions":["firebase.projects.get"]}
[debug] [2023-06-07T17:18:22.591Z] <<< [apiv2][status] POST https://cloudresourcemanager.googleapis.com/v1/projects/stockify-dbff4:testIamPermissions 200
[debug] [2023-06-07T17:18:22.591Z] <<< [apiv2][body] POST https://cloudresourcemanager.googleapis.com/v1/projects/stockify-dbff4:testIamPermissions {"permissions":["firebase.projects.get"]}
[debug] [2023-06-07T17:18:22.593Z] >>> [apiv2][query] GET https://serviceusage.googleapis.com/v1/projects/stockify-dbff4/services/cloudfunctions.googleapis.com [none]
[debug] [2023-06-07T17:18:22.593Z] >>> [apiv2][(partial)header] GET https://serviceusage.googleapis.com/v1/projects/stockify-dbff4/services/cloudfunctions.googleapis.com x-goog-quota-user=projects/stockify-dbff4
[debug] [2023-06-07T17:18:22.596Z] >>> [apiv2][query] GET https://serviceusage.googleapis.com/v1/projects/stockify-dbff4/services/runtimeconfig.googleapis.com [none]
[debug] [2023-06-07T17:18:22.597Z] >>> [apiv2][(partial)header] GET https://serviceusage.googleapis.com/v1/projects/stockify-dbff4/services/runtimeconfig.googleapis.com x-goog-quota-user=projects/stockify-dbff4
[debug] [2023-06-07T17:18:24.395Z] <<< [apiv2][status] GET https://serviceusage.googleapis.com/v1/projects/stockify-dbff4/services/cloudfunctions.googleapis.com 200
[debug] [2023-06-07T17:18:24.395Z] <<< [apiv2][body] GET https://serviceusage.googleapis.com/v1/projects/stockify-dbff4/services/cloudfunctions.googleapis.com [omitted]
[debug] [2023-06-07T17:18:24.464Z] <<< [apiv2][status] GET https://serviceusage.googleapis.com/v1/projects/stockify-dbff4/services/runtimeconfig.googleapis.com 200
[debug] [2023-06-07T17:18:24.464Z] <<< [apiv2][body] GET https://serviceusage.googleapis.com/v1/projects/stockify-dbff4/services/runtimeconfig.googleapis.com [omitted]
[info] 
Detected existing codebase(s): default

[debug] [2023-06-07T17:20:04.641Z] ----------------------------------------------------------------------
[debug] [2023-06-07T17:20:04.644Z] Command:       C:\Program Files\nodejs\node.exe C:\Users\saif2\AppData\Roaming\npm\node_modules\firebase-tools\lib\bin\firebase.js init
[debug] [2023-06-07T17:20:04.645Z] CLI Version:   12.3.1
[debug] [2023-06-07T17:20:04.645Z] Platform:      win32
[debug] [2023-06-07T17:20:04.646Z] Node Version:  v18.14.0
[debug] [2023-06-07T17:20:04.647Z] Time:          Wed Jun 07 2023 22:20:04 GMT+0500 (Pakistan Standard Time)
[debug] [2023-06-07T17:20:04.647Z] ----------------------------------------------------------------------
[debug] 
[debug] [2023-06-07T17:20:04.743Z] > command requires scopes: ["email","openid","https://www.googleapis.com/auth/cloudplatformprojects.readonly","https://www.googleapis.com/auth/firebase","https://www.googleapis.com/auth/cloud-platform"]
[debug] [2023-06-07T17:20:04.744Z] > authorizing via signed-in user (saif20022004@gmail.com)
[info] 
     ######## #### ########  ######## ########     ###     ######  ########
     ##        ##  ##     ## ##       ##     ##  ##   ##  ##       ##
     ######    ##  ########  ######   ########  #########  ######  ######
     ##        ##  ##    ##  ##       ##     ## ##     ##       ## ##
     ##       #### ##     ## ######## ########  ##     ##  ######  ########

You're about to initialize a Firebase project in this directory:

  C:\Users\saif2\AndroidStudioProjects\Stockify

Before we get started, keep in mind:

  * You are initializing within an existing Firebase project directory

[info] 
=== Project Setup
[info] 
[info] First, let's associate this project directory with a Firebase project.
[info] You can create multiple project aliases by running firebase use --add, 
[info] but for now we'll just set up a default project.
[info] 
[debug] [2023-06-07T17:20:19.665Z] Using project from CLI flag: stockify-dbff4
[debug] [2023-06-07T17:20:19.669Z] >>> [apiv2][query] GET https://firebase.googleapis.com/v1beta1/projects/stockify-dbff4 [none]
[debug] [2023-06-07T17:20:20.443Z] <<< [apiv2][status] GET https://firebase.googleapis.com/v1beta1/projects/stockify-dbff4 200
[debug] [2023-06-07T17:20:20.443Z] <<< [apiv2][body] GET https://firebase.googleapis.com/v1beta1/projects/stockify-dbff4 {"projectId":"stockify-dbff4","projectNumber":"788293617924","displayName":"Stockify","name":"projects/stockify-dbff4","resources":{"hostingSite":"stockify-dbff4","realtimeDatabaseInstance":"stockify-dbff4-default-rtdb","storageBucket":"stockify-dbff4.appspot.com","locationId":"asia-southeast1"},"state":"ACTIVE","etag":"1_6740cac1-dcd5-40ae-887a-1d9661dea4eb"}
[info] i  Using project stockify-dbff4 (Stockify) 
[info] 
=== Database Setup
[info] i  database: ensuring required API firebasedatabase.googleapis.com is enabled... 
[debug] [2023-06-07T17:20:20.457Z] >>> [apiv2][query] GET https://serviceusage.googleapis.com/v1/projects/stockify-dbff4/services/firebasedatabase.googleapis.com [none]
[debug] [2023-06-07T17:20:20.457Z] >>> [apiv2][(partial)header] GET https://serviceusage.googleapis.com/v1/projects/stockify-dbff4/services/firebasedatabase.googleapis.com x-goog-quota-user=projects/stockify-dbff4
[debug] [2023-06-07T17:20:22.168Z] <<< [apiv2][status] GET https://serviceusage.googleapis.com/v1/projects/stockify-dbff4/services/firebasedatabase.googleapis.com 200
[debug] [2023-06-07T17:20:22.169Z] <<< [apiv2][body] GET https://serviceusage.googleapis.com/v1/projects/stockify-dbff4/services/firebasedatabase.googleapis.com [omitted]
[info] +  database: required API firebasedatabase.googleapis.com is enabled 
[info] 
[debug] [2023-06-07T17:20:22.175Z] >>> [apiv2][query] GET https://firebasedatabase.googleapis.com/v1beta/projects/stockify-dbff4/locations/-/instances/stockify-dbff4-default-rtdb [none]
[debug] [2023-06-07T17:20:22.985Z] <<< [apiv2][status] GET https://firebasedatabase.googleapis.com/v1beta/projects/stockify-dbff4/locations/-/instances/stockify-dbff4-default-rtdb 200
[debug] [2023-06-07T17:20:22.986Z] <<< [apiv2][body] GET https://firebasedatabase.googleapis.com/v1beta/projects/stockify-dbff4/locations/-/instances/stockify-dbff4-default-rtdb {"name":"projects/788293617924/locations/asia-southeast1/instances/stockify-dbff4-default-rtdb","project":"projects/788293617924","databaseUrl":"https://stockify-dbff4-default-rtdb.asia-southeast1.firebasedatabase.app","type":"DEFAULT_DATABASE","state":"ACTIVE"}
[info] 
[info] Firebase Realtime Database Security Rules allow you to define how your data should be
[info] structured and when your data can be read from and written to.
[info] 
[debug] [2023-06-07T17:20:28.269Z] >>> [apiv2][query] GET https://stockify-dbff4-default-rtdb.asia-southeast1.firebasedatabase.app/.settings/rules.json [none]
[debug] [2023-06-07T17:20:29.493Z] <<< [apiv2][status] GET https://stockify-dbff4-default-rtdb.asia-southeast1.firebasedatabase.app/.settings/rules.json 200
[debug] [2023-06-07T17:20:29.493Z] <<< [apiv2][body] GET https://stockify-dbff4-default-rtdb.asia-southeast1.firebasedatabase.app/.settings/rules.json [stream]
[info] +  Database Rules for stockify-dbff4-default-rtdb have been written to database.rules.json. 
[info] Future modifications to database.rules.json will update Realtime Database Security Rules when you run
[info] firebase deploy.
[info] 
=== Firestore Setup
[debug] [2023-06-07T17:20:29.513Z] >>> [apiv2][query] GET https://serviceusage.googleapis.com/v1/projects/stockify-dbff4/services/firestore.googleapis.com [none]
[debug] [2023-06-07T17:20:29.514Z] >>> [apiv2][(partial)header] GET https://serviceusage.googleapis.com/v1/projects/stockify-dbff4/services/firestore.googleapis.com x-goog-quota-user=projects/stockify-dbff4
[debug] [2023-06-07T17:20:31.292Z] <<< [apiv2][status] GET https://serviceusage.googleapis.com/v1/projects/stockify-dbff4/services/firestore.googleapis.com 200
[debug] [2023-06-07T17:20:31.293Z] <<< [apiv2][body] GET https://serviceusage.googleapis.com/v1/projects/stockify-dbff4/services/firestore.googleapis.com [omitted]
[debug] [2023-06-07T17:20:31.294Z] >>> [apiv2][query] GET https://firestore.googleapis.com/v1/projects/stockify-dbff4/databases/(default) [none]
[debug] [2023-06-07T17:20:33.848Z] <<< [apiv2][status] GET https://firestore.googleapis.com/v1/projects/stockify-dbff4/databases/(default) 200
[debug] [2023-06-07T17:20:33.848Z] <<< [apiv2][body] GET https://firestore.googleapis.com/v1/projects/stockify-dbff4/databases/(default) {"name":"projects/stockify-dbff4/databases/(default)","uid":"da083acd-1af7-4da9-b8c5-719d4344054a","createTime":"2023-05-10T18:35:19.181255Z","updateTime":"2023-05-10T18:35:19.181255Z","locationId":"asia-southeast1","type":"FIRESTORE_NATIVE","concurrencyMode":"PESSIMISTIC","appEngineIntegrationMode":"DISABLED","keyPrefix":"zas","deleteProtectionState":"DELETE_PROTECTION_DISABLED","etag":"ILL14tPVsf8CMPG0npDV9/4C"}
[debug] [2023-06-07T17:20:33.850Z] database_type: FIRESTORE_NATIVE
[debug] [2023-06-07T17:20:33.851Z] > command requires scopes: ["email","openid","https://www.googleapis.com/auth/cloudplatformprojects.readonly","https://www.googleapis.com/auth/firebase","https://www.googleapis.com/auth/cloud-platform"]
[debug] [2023-06-07T17:20:33.852Z] > authorizing via signed-in user (saif20022004@gmail.com)
[debug] [2023-06-07T17:20:33.853Z] [iam] checking project stockify-dbff4 for permissions ["firebase.projects.get"]
[debug] [2023-06-07T17:20:33.854Z] >>> [apiv2][query] POST https://cloudresourcemanager.googleapis.com/v1/projects/stockify-dbff4:testIamPermissions [none]
[debug] [2023-06-07T17:20:33.854Z] >>> [apiv2][(partial)header] POST https://cloudresourcemanager.googleapis.com/v1/projects/stockify-dbff4:testIamPermissions x-goog-quota-user=projects/stockify-dbff4
[debug] [2023-06-07T17:20:33.855Z] >>> [apiv2][body] POST https://cloudresourcemanager.googleapis.com/v1/projects/stockify-dbff4:testIamPermissions {"permissions":["firebase.projects.get"]}
[debug] [2023-06-07T17:20:35.342Z] <<< [apiv2][status] POST https://cloudresourcemanager.googleapis.com/v1/projects/stockify-dbff4:testIamPermissions 200
[debug] [2023-06-07T17:20:35.343Z] <<< [apiv2][body] POST https://cloudresourcemanager.googleapis.com/v1/projects/stockify-dbff4:testIamPermissions {"permissions":["firebase.projects.get"]}
[info] 
[info] Firestore Security Rules allow you to define how and when to allow
[info] requests. You can keep these rules in your project directory
[info] and publish them with firebase deploy.
[info] 
[debug] [2023-06-07T17:20:38.183Z] >>> [apiv2][query] GET https://firebaserules.googleapis.com/v1/projects/stockify-dbff4/releases pageSize=10&pageToken=
[debug] [2023-06-07T17:20:39.368Z] <<< [apiv2][status] GET https://firebaserules.googleapis.com/v1/projects/stockify-dbff4/releases 200
[debug] [2023-06-07T17:20:39.369Z] <<< [apiv2][body] GET https://firebaserules.googleapis.com/v1/projects/stockify-dbff4/releases {"releases":[{"name":"projects/stockify-dbff4/releases/cloud.firestore","rulesetName":"projects/stockify-dbff4/rulesets/367005ed-cfb4-4df2-8317-f92b24719375","createTime":"2023-05-10T18:35:28.147672Z","updateTime":"2023-05-10T18:35:28.147672Z"},{"name":"projects/stockify-dbff4/releases/firebase.storage/stockify-dbff4.appspot.com","rulesetName":"projects/stockify-dbff4/rulesets/8435d34b-586a-43e1-b9f1-7034e8b8c6c9","createTime":"2023-05-13T09:28:12.912133Z","updateTime":"2023-05-13T09:40:50.864890Z"}]}
[debug] [2023-06-07T17:20:39.416Z] Found ruleset: projects/stockify-dbff4/rulesets/367005ed-cfb4-4df2-8317-f92b24719375
[debug] [2023-06-07T17:20:39.417Z] >>> [apiv2][query] GET https://firebaserules.googleapis.com/v1/projects/stockify-dbff4/rulesets/367005ed-cfb4-4df2-8317-f92b24719375 [none]
[debug] [2023-06-07T17:20:40.442Z] <<< [apiv2][status] GET https://firebaserules.googleapis.com/v1/projects/stockify-dbff4/rulesets/367005ed-cfb4-4df2-8317-f92b24719375 200
[debug] [2023-06-07T17:20:40.443Z] <<< [apiv2][body] GET https://firebaserules.googleapis.com/v1/projects/stockify-dbff4/rulesets/367005ed-cfb4-4df2-8317-f92b24719375 [omitted]
[info] 
[info] Firestore indexes allow you to perform complex queries while
[info] maintaining performance that scales with the size of the result
[info] set. You can keep index definitions in your project directory
[info] and publish them with firebase deploy.
[info] 
[debug] [2023-06-07T17:20:42.689Z] >>> [apiv2][query] GET https://firestore.googleapis.com/v1/projects/stockify-dbff4/databases/(default)/collectionGroups/-/indexes [none]
[debug] [2023-06-07T17:20:42.692Z] >>> [apiv2][query] GET https://firestore.googleapis.com/v1/projects/stockify-dbff4/databases/(default)/collectionGroups/-/fields?filter=indexConfig.usesAncestorConfig=false OR ttlConfig:* [none]
[debug] [2023-06-07T17:20:45.238Z] <<< [apiv2][status] GET https://firestore.googleapis.com/v1/projects/stockify-dbff4/databases/(default)/collectionGroups/-/indexes 200
[debug] [2023-06-07T17:20:45.239Z] <<< [apiv2][body] GET https://firestore.googleapis.com/v1/projects/stockify-dbff4/databases/(default)/collectionGroups/-/indexes {}
[debug] [2023-06-07T17:20:45.348Z] <<< [apiv2][status] GET https://firestore.googleapis.com/v1/projects/stockify-dbff4/databases/(default)/collectionGroups/-/fields?filter=indexConfig.usesAncestorConfig=false OR ttlConfig:* 200
[debug] [2023-06-07T17:20:45.349Z] <<< [apiv2][body] GET https://firestore.googleapis.com/v1/projects/stockify-dbff4/databases/(default)/collectionGroups/-/fields?filter=indexConfig.usesAncestorConfig=false OR ttlConfig:* {"fields":[{"name":"projects/stockify-dbff4/databases/(default)/collectionGroups/__default__/fields/*","indexConfig":{"indexes":[{"queryScope":"COLLECTION","fields":[{"fieldPath":"*","order":"ASCENDING"}],"state":"READY"},{"queryScope":"COLLECTION","fields":[{"fieldPath":"*","order":"DESCENDING"}],"state":"READY"},{"queryScope":"COLLECTION","fields":[{"fieldPath":"*","arrayConfig":"CONTAINS"}],"state":"READY"}]}}]}
[info] 
=== Functions Setup
[debug] [2023-06-07T17:20:45.359Z] > command requires scopes: ["email","openid","https://www.googleapis.com/auth/cloudplatformprojects.readonly","https://www.googleapis.com/auth/firebase","https://www.googleapis.com/auth/cloud-platform"]
[debug] [2023-06-07T17:20:45.360Z] > authorizing via signed-in user (saif20022004@gmail.com)
[debug] [2023-06-07T17:20:45.361Z] [iam] checking project stockify-dbff4 for permissions ["firebase.projects.get"]
[debug] [2023-06-07T17:20:45.362Z] >>> [apiv2][query] POST https://cloudresourcemanager.googleapis.com/v1/projects/stockify-dbff4:testIamPermissions [none]
[debug] [2023-06-07T17:20:45.363Z] >>> [apiv2][(partial)header] POST https://cloudresourcemanager.googleapis.com/v1/projects/stockify-dbff4:testIamPermissions x-goog-quota-user=projects/stockify-dbff4
[debug] [2023-06-07T17:20:45.363Z] >>> [apiv2][body] POST https://cloudresourcemanager.googleapis.com/v1/projects/stockify-dbff4:testIamPermissions {"permissions":["firebase.projects.get"]}
[debug] [2023-06-07T17:20:46.838Z] <<< [apiv2][status] POST https://cloudresourcemanager.googleapis.com/v1/projects/stockify-dbff4:testIamPermissions 200
[debug] [2023-06-07T17:20:46.840Z] <<< [apiv2][body] POST https://cloudresourcemanager.googleapis.com/v1/projects/stockify-dbff4:testIamPermissions {"permissions":["firebase.projects.get"]}
[debug] [2023-06-07T17:20:46.841Z] >>> [apiv2][query] GET https://serviceusage.googleapis.com/v1/projects/stockify-dbff4/services/cloudfunctions.googleapis.com [none]
[debug] [2023-06-07T17:20:46.842Z] >>> [apiv2][(partial)header] GET https://serviceusage.googleapis.com/v1/projects/stockify-dbff4/services/cloudfunctions.googleapis.com x-goog-quota-user=projects/stockify-dbff4
[debug] [2023-06-07T17:20:46.855Z] >>> [apiv2][query] GET https://serviceusage.googleapis.com/v1/projects/stockify-dbff4/services/runtimeconfig.googleapis.com [none]
[debug] [2023-06-07T17:20:46.856Z] >>> [apiv2][(partial)header] GET https://serviceusage.googleapis.com/v1/projects/stockify-dbff4/services/runtimeconfig.googleapis.com x-goog-quota-user=projects/stockify-dbff4
[debug] [2023-06-07T17:20:48.552Z] <<< [apiv2][status] GET https://serviceusage.googleapis.com/v1/projects/stockify-dbff4/services/cloudfunctions.googleapis.com 200
[debug] [2023-06-07T17:20:48.552Z] <<< [apiv2][body] GET https://serviceusage.googleapis.com/v1/projects/stockify-dbff4/services/cloudfunctions.googleapis.com [omitted]
[debug] [2023-06-07T17:20:48.589Z] <<< [apiv2][status] GET https://serviceusage.googleapis.com/v1/projects/stockify-dbff4/services/runtimeconfig.googleapis.com 200
[debug] [2023-06-07T17:20:48.590Z] <<< [apiv2][body] GET https://serviceusage.googleapis.com/v1/projects/stockify-dbff4/services/runtimeconfig.googleapis.com [omitted]
[info] 
Detected existing codebase(s): default

[info] Let's create a new codebase for your functions.
[info] A directory corresponding to the codebase will be created in your project
[info] with sample code pre-configured.

[info] See https://firebase.google.com/docs/functions/organize-functions for
[info] more information on organizing your functions using codebases.

[info] Functions can be deployed with firebase deploy.

[info] +  Wrote stockifycodebase/package.json 
[info] +  Wrote stockifycodebase/.eslintrc.js 
[info] +  Wrote stockifycodebase/index.js 
[info] +  Wrote stockifycodebase/.gitignore 
[info] 
=== Hosting Setup
[info] 
[info] Your public directory is the folder (relative to your project directory) that
[info] will contain Hosting assets to be uploaded with firebase deploy. If you
[info] have a build process for your assets, use your build's output directory.
[info] 
[debug] [2023-06-07T17:24:12.936Z] >>> [apiv2][query] GET https://www.gstatic.com/firebasejs/releases.json [none]
[debug] [2023-06-07T17:24:13.221Z] <<< [apiv2][status] GET https://www.gstatic.com/firebasejs/releases.json 200
[debug] [2023-06-07T17:24:13.222Z] <<< [apiv2][body] GET https://www.gstatic.com/firebasejs/releases.json {"current":{"version":"9.22.1","browserURL":"https://www.gstatic.com/firebasejs/9.22.1/firebase.js","packageURL":"https://www.gstatic.com/firebasejs/9.22.1/firebase.tgz"},"live":{"version":"9.22","browserURL":"https://www.gstatic.com/firebasejs/live/9.22/firebase.js","packageURL":"https://www.gstatic.com/firebasejs/live/9.22/firebase.tgz"},"components":{"analytics":"https://www.gstatic.com/firebasejs/9.22.1/firebase-analytics.js","app":"https://www.gstatic.com/firebasejs/9.22.1/firebase-app.js","app-check":"https://www.gstatic.com/firebasejs/9.22.1/firebase-app-check.js","auth":"https://www.gstatic.com/firebasejs/9.22.1/firebase-auth.js","auth/cordova":"https://www.gstatic.com/firebasejs/9.22.1/firebase-auth/cordova.js","auth/react-native":"https://www.gstatic.com/firebasejs/9.22.1/firebase-auth/react-native.js","functions":"https://www.gstatic.com/firebasejs/9.22.1/firebase-functions.js","firestore":"https://www.gstatic.com/firebasejs/9.22.1/firebase-firestore.js","firestore/lite":"https://www.gstatic.com/firebasejs/9.22.1/firebase-firestore/lite.js","installations":"https://www.gstatic.com/firebasejs/9.22.1/firebase-installations.js","storage":"https://www.gstatic.com/firebasejs/9.22.1/firebase-storage.js","performance":"https://www.gstatic.com/firebasejs/9.22.1/firebase-performance.js","remote-config":"https://www.gstatic.com/firebasejs/9.22.1/firebase-remote-config.js","messaging":"https://www.gstatic.com/firebasejs/9.22.1/firebase-messaging.js","messaging/sw":"https://www.gstatic.com/firebasejs/9.22.1/firebase-messaging/sw.js","database":"https://www.gstatic.com/firebasejs/9.22.1/firebase-database.js","firestore.memory":"https://www.gstatic.com/firebasejs/9.22.1/firebase-firestore.memory.js"}}
[info] +  Wrote public/index.html 
[info] 
[info] i  Didn't detect a .git folder. Assuming C:\Users\saif2\AndroidStudioProjects\Stockify is the project root. 
[info] i  Authorizing with GitHub to upload your service account to a GitHub repository's secrets store. 
[info] 
[info] Visit this URL on this device to log in:
[info] https://github.com/login/oauth/authorize?client_id=89cf50f02ac6aaed3484&state=843007617&redirect_uri=http%3A%2F%2Flocalhost%3A9005&scope=read%3Auser%20repo%20public_repo
[info] 
[info] Waiting for authentication...
[debug] [2023-06-07T17:24:42.213Z] >>> [apiv2][query] POST https://github.com/login/oauth/access_token [none]
[debug] [2023-06-07T17:24:42.214Z] >>> [apiv2][body] POST https://github.com/login/oauth/access_token [stream]
[debug] [2023-06-07T17:24:42.746Z] <<< [apiv2][status] POST https://github.com/login/oauth/access_token 200
[debug] [2023-06-07T17:24:42.747Z] <<< [apiv2][body] POST https://github.com/login/oauth/access_token {"access_token":"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","token_type":"bearer","scope":"read:user,repo"}
[debug] [2023-06-07T17:24:42.759Z] >>> [apiv2][query] GET https://api.github.com/user [none]
[debug] [2023-06-07T17:24:43.337Z] <<< [apiv2][status] GET https://api.github.com/user 200
[debug] [2023-06-07T17:24:43.337Z] <<< [apiv2][body] GET https://api.github.com/user {"login":"saif597","id":77920483,"node_id":"MDQ6VXNlcjc3OTIwNDgz","avatar_url":"https://avatars.githubusercontent.com/u/77920483?v=4","gravatar_id":"","url":"https://api.github.com/users/saif597","html_url":"https://github.com/saif597","followers_url":"https://api.github.com/users/saif597/followers","following_url":"https://api.github.com/users/saif597/following{/other_user}","gists_url":"https://api.github.com/users/saif597/gists{/gist_id}","starred_url":"https://api.github.com/users/saif597/starred{/owner}{/repo}","subscriptions_url":"https://api.github.com/users/saif597/subscriptions","organizations_url":"https://api.github.com/users/saif597/orgs","repos_url":"https://api.github.com/users/saif597/repos","events_url":"https://api.github.com/users/saif597/events{/privacy}","received_events_url":"https://api.github.com/users/saif597/received_events","type":"User","site_admin":false,"name":null,"company":null,"blog":"","location":null,"email":null,"hireable":null,"bio":null,"twitter_username":null,"public_repos":3,"public_gists":0,"followers":0,"following":0,"created_at":"2021-01-24T10:58:48Z","updated_at":"2023-06-03T12:36:13Z","private_gists":0,"total_private_repos":1,"owned_private_repos":1,"disk_usage":53207,"collaborators":0,"two_factor_authentication":false,"plan":{"name":"pro","space":976562499,"collaborators":0,"private_repos":9999}}
[info] 
[info] +  Success! Logged into GitHub as saif597 
[info] 
[debug] [2023-06-07T17:24:52.287Z] >>> [apiv2][query] GET https://api.github.com/repos//actions/secrets/public-key type=owner
[debug] [2023-06-07T17:24:52.781Z] <<< [apiv2][status] GET https://api.github.com/repos//actions/secrets/public-key 404
[debug] [2023-06-07T17:24:52.781Z] <<< [apiv2][body] GET https://api.github.com/repos//actions/secrets/public-key {"message":"Not Found","documentation_url":"https://docs.github.com/rest"}
[info] 
[info] 
[error] !  The provided authorization cannot be used with this repository. If this repository is in an organization, did you remember to grant access? 
[info] 
[info] i  Action required: Visit this URL to ensure access has been granted to the appropriate organization(s) for the Firebase CLI GitHub OAuth App: 
[info] https://github.com/settings/connections/applications/89cf50f02ac6aaed3484
[info] 
[debug] [2023-06-07T17:24:56.555Z] >>> [apiv2][query] GET https://api.github.com/repos//actions/secrets/public-key type=owner
[debug] [2023-06-07T17:24:57.017Z] <<< [apiv2][status] GET https://api.github.com/repos//actions/secrets/public-key 404
[debug] [2023-06-07T17:24:57.017Z] <<< [apiv2][body] GET https://api.github.com/repos//actions/secrets/public-key {"message":"Not Found","documentation_url":"https://docs.github.com/rest"}
[info] 
[info] 
[error] !  The provided authorization cannot be used with this repository. If this repository is in an organization, did you remember to grant access? 
[info] 
[info] i  Action required: Visit this URL to ensure access has been granted to the appropriate organization(s) for the Firebase CLI GitHub OAuth App: 
[info] https://github.com/settings/connections/applications/89cf50f02ac6aaed3484
[info] 
[debug] [2023-06-07T17:25:23.552Z] >>> [apiv2][query] GET https://api.github.com/repos//actions/secrets/public-key type=owner
[debug] [2023-06-07T17:25:24.034Z] <<< [apiv2][status] GET https://api.github.com/repos//actions/secrets/public-key 404
[debug] [2023-06-07T17:25:24.034Z] <<< [apiv2][body] GET https://api.github.com/repos//actions/secrets/public-key {"message":"Not Found","documentation_url":"https://docs.github.com/rest"}
[info] 
[info] 
[error] !  The provided authorization cannot be used with this repository. If this repository is in an organization, did you remember to grant access? 
[info] 
[info] i  Action required: Visit this URL to ensure access has been granted to the appropriate organization(s) for the Firebase CLI GitHub OAuth App: 
[info] https://github.com/settings/connections/applications/89cf50f02ac6aaed3484
[info] 
